<?xml version="1.0" encoding="UTF-8"?>
<testsuite name="ReposTest" tests="1" skipped="0" failures="0" errors="0" timestamp="2024-01-05T16:46:14" hostname="ELO-0031" time="0.76">
  <properties/>
  <testcase name="testGetRepos()" classname="ReposTest" time="0.76"/>
  <system-out><![CDATA[2024-01-05 13:46:14.567 [Test worker @coroutine#1] - Adding Accept-Charset=UTF-8 to http:///repos
2024-01-05 13:46:14.648 [DefaultDispatcher-worker-1 @call-context#2] - No ktor.deployment.watch patterns specified, automatic reload is not active.
2024-01-05 13:46:14.969 [DefaultDispatcher-worker-1 @call-context#2] - Application started in 0.331 seconds.
2024-01-05 13:46:15.009 [DefaultDispatcher-worker-1 @request#2] - Trace for [repos]
/, segment:0 -> SUCCESS @ /
  /customer, segment:0 -> FAILURE "Selector didn't match" @ /customer
  /repos, segment:1 -> SUCCESS @ /repos
    /repos/(method:GET), segment:1 -> SUCCESS @ /repos/(method:GET)
Matched routes:
  "" -> "repos" -> "(method:GET)"
Route resolve result:
  SUCCESS @ /repos/(method:GET)
2024-01-05 13:46:15.060 [Test worker @coroutine#1] - Validating response for request http://localhost/repos
2024-01-05 13:46:15.060 [Test worker @coroutine#1] - Skipping default response validation for http://localhost/repos
2024-01-05 13:46:15.073 [Test worker @coroutine#1] - Reading response body for http://localhost/repos as String with charset UTF-8
]]></system-out>
  <system-err><![CDATA[]]></system-err>
</testsuite>
